🔧 Starting job: composition_CTD
target
0    1378
1    1252
Name: count, dtype: int64
Selected Features (Names): ['AAC_G', 'CKSAAGP_alphaticr.aromatic.gap0', 'CKSAAGP_alphaticr.uncharger.gap1', 'CKSAAGP_postivecharger.uncharger.gap1', 'CTDC_charge.G3', 'CTDD_charge.1.residue0', 'CTDD_charge.1.residue50', 'CTDD_hydrophobicity_ARGP820101.3.residue100', 'CTDT_hydrophobicity_PRAM900101.Tr1221']

📈 Best F1 Score: 0.7545

Training F1-Score: 0.8135
Test F1-Score: 0.7196

Ranked Features:
['CKSAAGP_postivecharger.uncharger.gap1 & CTDC_charge.G3', 'AAC_G & CTDD_hydrophobicity_ARGP820101.3.residue100', 'AAC_G', 'CKSAAGP_postivecharger.uncharger.gap1', 'CTDD_charge.1.residue50 & CTDD_hydrophobicity_ARGP820101.3.residue100', 'AAC_G & CTDD_charge.1.residue50', 'CTDC_charge.G3 & CTDD_charge.1.residue0', 'CTDD_charge.1.residue0 & CTDD_hydrophobicity_ARGP820101.3.residue100', 'CTDT_hydrophobicity_PRAM900101.Tr1221', 'CKSAAGP_alphaticr.uncharger.gap1 & CTDD_charge.1.residue50', 'CTDD_charge.1.residue0 & CTDD_charge.1.residue50', 'CKSAAGP_alphaticr.uncharger.gap1', 'CTDC_charge.G3 & CTDT_hydrophobicity_PRAM900101.Tr1221', 'CTDD_hydrophobicity_ARGP820101.3.residue100', 'CKSAAGP_alphaticr.aromatic.gap0', 'CTDD_charge.1.residue50', 'CTDC_charge.G3', 'CTDD_charge.1.residue0']

📊 Training Metrics:
Accuracy:             0.8156
Balanced Accuracy:    0.8169
F1 Score:             0.8135
Precision:            0.7843
Recall:               0.8450
AUC ROC:              0.9017
AUC PR:               0.8888
MCC:                  0.6334

📊 Test Metrics:
Accuracy:             0.7264
Balanced Accuracy:    0.7270
F1 Score:             0.7196
Precision:            0.7021
Recall:               0.7380
AUC ROC:              0.7993
AUC PR:               0.7655
MCC:                  0.4534
