🔧 Starting job: composition
target
0    1378
1    1252
Name: count, dtype: int64
Selected Features (Names): ['AAC_A', 'AAC_G', 'AAC_I', 'AAC_N', 'GAAC_negativecharge', 'GAAC_postivecharge', 'CKSAAGP_alphaticr.postivecharger.gap1', 'CKSAAGP_alphaticr.uncharger.gap1', 'CKSAAGP_aromatic.alphaticr.gap5', 'CKSAAGP_postivecharger.alphaticr.gap1', 'CKSAAGP_uncharger.postivecharger.gap1', 'CKSAAGP_uncharger.postivecharger.gap2']

📈 Best F1 Score: 0.7610

Training F1-Score: 0.8457
Test F1-Score: 0.7104

Ranked Features:
['CKSAAGP_aromatic.alphaticr.gap5 & CKSAAGP_uncharger.postivecharger.gap1', 'AAC_N & GAAC_postivecharge', 'AAC_A & CKSAAGP_uncharger.postivecharger.gap1', 'CKSAAGP_postivecharger.alphaticr.gap1 & CKSAAGP_uncharger.postivecharger.gap1', 'GAAC_postivecharge & CKSAAGP_uncharger.postivecharger.gap2', 'CKSAAGP_uncharger.postivecharger.gap1', 'CKSAAGP_alphaticr.postivecharger.gap1 & CKSAAGP_aromatic.alphaticr.gap5', 'GAAC_postivecharge & CKSAAGP_alphaticr.uncharger.gap1', 'AAC_A & CKSAAGP_alphaticr.postivecharger.gap1', 'AAC_G', 'AAC_A & GAAC_postivecharge', 'AAC_N', 'GAAC_postivecharge & CKSAAGP_alphaticr.postivecharger.gap1', 'CKSAAGP_uncharger.postivecharger.gap2', 'CKSAAGP_alphaticr.uncharger.gap1', 'AAC_I & GAAC_postivecharge', 'CKSAAGP_aromatic.alphaticr.gap5', 'AAC_A', 'CKSAAGP_alphaticr.postivecharger.gap1', 'AAC_I', 'CKSAAGP_postivecharger.alphaticr.gap1', 'GAAC_negativecharge', 'GAAC_postivecharge']

📊 Training Metrics:
Accuracy:             0.8479
Balanced Accuracy:    0.8492
F1 Score:             0.8457
Precision:            0.8179
Recall:               0.8754
AUC ROC:              0.9259
AUC PR:               0.9142
MCC:                  0.6977

📊 Test Metrics:
Accuracy:             0.7112
Balanced Accuracy:    0.7128
F1 Score:             0.7104
Precision:            0.6793
Recall:               0.7444
AUC ROC:              0.7920
AUC PR:               0.7643
MCC:                  0.4255
